<?xml version="1.0" encoding="UTF-8"?>
<!-- Generated by org.testng.reporters.JUnitXMLReporter -->
<testsuite hostname="NAVMCTMTTL108" name="APT login" tests="2" failures="0" timestamp="26 May 2020 08:25:20 GMT" time="114.573" errors="0">
  <testcase name="choosecustomer" time="78.099" classname="com.saksoft.qa.apttestscripts.APT_AutomationTest"/>
  <testcase name="verifycreateorder" time="34.877" classname="com.saksoft.qa.apttestscripts.APT_AutomationTest"/>
</testsuite> <!-- APT login -->
