<?xml version="1.0" encoding="UTF-8"?>
<testng-results skipped="1" failed="0" total="5" passed="4">
  <reporter-output>
  </reporter-output>
  <suite name="APT_MCS Test Suite" duration-ms="747405" started-at="2020-07-09T08:35:57Z" finished-at="2020-07-09T08:48:24Z">
    <groups>
    </groups>
    <test name="APT_Test" duration-ms="747405" started-at="2020-07-09T08:35:57Z" finished-at="2020-07-09T08:48:24Z">
      <class name="com.saksoft.qa.apttestscripts.APT_DomainManagementTest">
        <test-method status="PASS" signature="BeforeMethod(java.lang.reflect.Method, org.testng.ITestContext, [Ljava.lang.Object;)[pri:0, instance:com.saksoft.qa.apttestscripts.APT_DomainManagementTest@59f99ea]" name="BeforeMethod" is-config="true" duration-ms="26512" started-at="2020-07-09T14:05:58Z" finished-at="2020-07-09T14:06:24Z">
          <params>
            <param index="0">
              <value>
                <![CDATA[public void com.saksoft.qa.apttestscripts.APT_DomainManagementTest.CreateCustomer(java.util.Map) throws java.lang.Exception]]>
              </value>
            </param>
            <param index="1">
              <value>
                <![CDATA[org.testng.TestRunner@6ec4fca5]]>
              </value>
            </param>
            <param index="2">
              <value>
                <![CDATA[[Ljava.lang.Object;@4e91d63f]]>
              </value>
            </param>
          </params>
          <reporter-output>
          </reporter-output>
        </test-method> <!-- BeforeMethod -->
        <test-method status="PASS" signature="CreateCustomer(java.util.Map)[pri:0, instance:com.saksoft.qa.apttestscripts.APT_DomainManagementTest@59f99ea]" name="CreateCustomer" duration-ms="479354" started-at="2020-07-09T14:06:24Z" description="TC-01" data-provider="Finaldatareader_Domain" finished-at="2020-07-09T14:14:23Z">
          <params>
            <param index="0">
              <value>
                <![CDATA[{Edit_ServiceCountry=BR (Brazil), Email=domain16@test.com, CreateOrderCustomer=Test_Colt_Customer_QA_23, Edit_ServicePhone=+49-4773-827893, Edit_ServiceState=TN, ExistingOrderService=NO, Edit_ServiceComplement=servicecompedit18, Name=Domain_16, Edit_Remarks=TestRemarksedit18, ServicePhoneContact=9987894934, DedicatedPortalStatus=NO, Remarks=TestRemarks, ServiceType=Domain Management, Edit_ServicePostalCode=598446, Edit_ServiceFax=+49-4773-827893, Edit_ServiceFirstName=testedit18, ServiceIdentification=DomainService_16, ServiceLastName=service, ServiceCountry=BE (Belgium), Name1=Domain_, Name2=16, ServicePostalCode=546743, Edit_ServiceAddress=23, Mangalore, NewRFIREQNumber=DomainRFI_16, ServiceDefaultEmail=domainemail16@gmail.com, Edit_ServiceIdentification=DomainServiceedit_18, Edit_ServiceUser=Domainuseredit18, DedicatedPortal=Vodafone Portal, ServicePhone=+49-1873-809382, Edit_ServiceCity=Ooty, ChooseCustomerToBeSelected=Domain_16, OrganizationName=colt, ServiceAddress=23, bangalore, ExistingOrderNumber=DomainOrder_16, Edit_OrganizationName=colttest18, Edit_ServiceDefaultEmail=domainemailedit18@gmail.com, ServiceEmail=domainservice_16@gmail.com, ServiceFax=+49-1873-809382, ChangeOrder_VoicelineNumber=DomainOrder_16, Edit_ServiceEmail=domainserviceedit_18@gmail.com, ExistingRFIREQNumber=DomainRFI_16, TechnicalContactName=domaincontact16, ServiceCity=bangalore, EditOrder_VoicelineNumber=DomainOrderedit_16, Passwordvalue=hfisesy@ui, ChangeOrder_OrderNumber=DomainRFI_16, Phone=9973899074, CreateOrderName=Test_Colt_Customer_QA_23, MainDomain=dmdomain16.com, ServiceComplement=servicecomp16, TypeToBeSelected=Colt Telecom - internal, NewOrderNumber=DomainOrder_16, ServiceState=KA, Edit_ServicePhoneContact=9498383983, CountryToBeSelected=BE (Belgium), Reference=testreference16, Edit_ServiceLastName=serviceedit18, ServiceFirstName=test, NewOrderService=YES, ServiceUser=Domainuser16, OCN=domainocn16, EditOrder_OrderNumber=DomainRFIedit_16, Fax=9973899074}]]>
              </value>
            </param>
          </params>
          <reporter-output>
          </reporter-output>
        </test-method> <!-- CreateCustomer -->
        <test-method status="PASS" signature="getResult(org.testng.ITestResult)[pri:0, instance:com.saksoft.qa.apttestscripts.APT_DomainManagementTest@59f99ea]" name="getResult" is-config="true" duration-ms="0" started-at="2020-07-09T14:14:24Z" finished-at="2020-07-09T14:14:24Z">
          <params>
            <param index="0">
              <value>
                <![CDATA[[TestResult name=CreateCustomer status=SUCCESS method=APT_DomainManagementTest.CreateCustomer(java.util.Map)[pri:0, instance:com.saksoft.qa.apttestscripts.APT_DomainManagementTest@59f99ea] output={null}]]]>
              </value>
            </param>
          </params>
          <reporter-output>
          </reporter-output>
        </test-method> <!-- getResult -->
        <test-method status="PASS" signature="BeforeMethod(java.lang.reflect.Method, org.testng.ITestContext, [Ljava.lang.Object;)[pri:0, instance:com.saksoft.qa.apttestscripts.APT_DomainManagementTest@59f99ea]" name="BeforeMethod" is-config="true" duration-ms="23950" started-at="2020-07-09T14:14:24Z" finished-at="2020-07-09T14:14:48Z">
          <params>
            <param index="0">
              <value>
                <![CDATA[public void com.saksoft.qa.apttestscripts.APT_DomainManagementTest.choosecustomer(java.util.Map) throws java.lang.InterruptedException,org.dom4j.DocumentException,java.io.IOException]]>
              </value>
            </param>
            <param index="1">
              <value>
                <![CDATA[org.testng.TestRunner@6ec4fca5]]>
              </value>
            </param>
            <param index="2">
              <value>
                <![CDATA[[Ljava.lang.Object;@2bbf180e]]>
              </value>
            </param>
          </params>
          <reporter-output>
          </reporter-output>
        </test-method> <!-- BeforeMethod -->
        <test-method status="PASS" signature="choosecustomer(java.util.Map)[pri:0, instance:com.saksoft.qa.apttestscripts.APT_DomainManagementTest@59f99ea]" name="choosecustomer" duration-ms="158338" started-at="2020-07-09T14:14:48Z" description="TC-02" data-provider="Finaldatareader_Domain" finished-at="2020-07-09T14:17:26Z">
          <params>
            <param index="0">
              <value>
                <![CDATA[{Edit_ServiceCountry=BR (Brazil), Email=domain16@test.com, CreateOrderCustomer=Test_Colt_Customer_QA_23, Edit_ServicePhone=+49-4773-827893, Edit_ServiceState=TN, ExistingOrderService=NO, Edit_ServiceComplement=servicecompedit18, Name=Domain_16, Edit_Remarks=TestRemarksedit18, ServicePhoneContact=9987894934, DedicatedPortalStatus=NO, Remarks=TestRemarks, ServiceType=Domain Management, Edit_ServicePostalCode=598446, Edit_ServiceFax=+49-4773-827893, Edit_ServiceFirstName=testedit18, ServiceIdentification=DomainService_16, ServiceLastName=service, ServiceCountry=BE (Belgium), Name1=Domain_, Name2=16, ServicePostalCode=546743, Edit_ServiceAddress=23, Mangalore, NewRFIREQNumber=DomainRFI_16, ServiceDefaultEmail=domainemail16@gmail.com, Edit_ServiceIdentification=DomainServiceedit_18, Edit_ServiceUser=Domainuseredit18, DedicatedPortal=Vodafone Portal, ServicePhone=+49-1873-809382, Edit_ServiceCity=Ooty, ChooseCustomerToBeSelected=Domain_16, OrganizationName=colt, ServiceAddress=23, bangalore, ExistingOrderNumber=DomainOrder_16, Edit_OrganizationName=colttest18, Edit_ServiceDefaultEmail=domainemailedit18@gmail.com, ServiceEmail=domainservice_16@gmail.com, ServiceFax=+49-1873-809382, ChangeOrder_VoicelineNumber=DomainOrder_16, Edit_ServiceEmail=domainserviceedit_18@gmail.com, ExistingRFIREQNumber=DomainRFI_16, TechnicalContactName=domaincontact16, ServiceCity=bangalore, EditOrder_VoicelineNumber=DomainOrderedit_16, Passwordvalue=hfisesy@ui, ChangeOrder_OrderNumber=DomainRFI_16, Phone=9973899074, CreateOrderName=Test_Colt_Customer_QA_23, MainDomain=dmdomain16.com, ServiceComplement=servicecomp16, TypeToBeSelected=Colt Telecom - internal, NewOrderNumber=DomainOrder_16, ServiceState=KA, Edit_ServicePhoneContact=9498383983, CountryToBeSelected=BE (Belgium), Reference=testreference16, Edit_ServiceLastName=serviceedit18, ServiceFirstName=test, NewOrderService=YES, ServiceUser=Domainuser16, OCN=domainocn16, EditOrder_OrderNumber=DomainRFIedit_16, Fax=9973899074}]]>
              </value>
            </param>
          </params>
          <reporter-output>
          </reporter-output>
        </test-method> <!-- choosecustomer -->
        <test-method status="PASS" signature="getResult(org.testng.ITestResult)[pri:0, instance:com.saksoft.qa.apttestscripts.APT_DomainManagementTest@59f99ea]" name="getResult" is-config="true" duration-ms="0" started-at="2020-07-09T14:17:26Z" finished-at="2020-07-09T14:17:26Z">
          <params>
            <param index="0">
              <value>
                <![CDATA[[TestResult name=choosecustomer status=SUCCESS method=APT_DomainManagementTest.choosecustomer(java.util.Map)[pri:0, instance:com.saksoft.qa.apttestscripts.APT_DomainManagementTest@59f99ea] output={null}]]]>
              </value>
            </param>
          </params>
          <reporter-output>
          </reporter-output>
        </test-method> <!-- getResult -->
        <test-method status="PASS" signature="BeforeMethod(java.lang.reflect.Method, org.testng.ITestContext, [Ljava.lang.Object;)[pri:0, instance:com.saksoft.qa.apttestscripts.APT_DomainManagementTest@59f99ea]" name="BeforeMethod" is-config="true" duration-ms="25068" started-at="2020-07-09T14:17:26Z" finished-at="2020-07-09T14:17:51Z">
          <params>
            <param index="0">
              <value>
                <![CDATA[public void com.saksoft.qa.apttestscripts.APT_DomainManagementTest.verifycreateorder(java.util.Map) throws java.lang.InterruptedException,org.dom4j.DocumentException,java.io.IOException]]>
              </value>
            </param>
            <param index="1">
              <value>
                <![CDATA[org.testng.TestRunner@6ec4fca5]]>
              </value>
            </param>
            <param index="2">
              <value>
                <![CDATA[[Ljava.lang.Object;@56de5251]]>
              </value>
            </param>
          </params>
          <reporter-output>
          </reporter-output>
        </test-method> <!-- BeforeMethod -->
      </class> <!-- com.saksoft.qa.apttestscripts.APT_DomainManagementTest -->
      <class name="com.saksoft.qa.apttestscripts.APT_AutomationTest">
        <test-method status="PASS" signature="BeforeSuite()[pri:0, instance:com.saksoft.qa.apttestscripts.APT_AutomationTest@14acaea5]" name="BeforeSuite" is-config="true" duration-ms="272" started-at="2020-07-09T14:05:56Z" finished-at="2020-07-09T14:05:57Z">
          <reporter-output>
          </reporter-output>
        </test-method> <!-- BeforeSuite -->
        <test-method status="PASS" signature="startReport()[pri:0, instance:com.saksoft.qa.apttestscripts.APT_AutomationTest@14acaea5]" name="startReport" is-config="true" duration-ms="79" started-at="2020-07-09T14:05:57Z" finished-at="2020-07-09T14:05:57Z">
          <reporter-output>
          </reporter-output>
        </test-method> <!-- startReport -->
        <test-method status="PASS" signature="BeforeMethod(java.lang.reflect.Method, org.testng.ITestContext, [Ljava.lang.Object;)[pri:0, instance:com.saksoft.qa.apttestscripts.APT_AutomationTest@14acaea5]" name="BeforeMethod" is-config="true" duration-ms="29612" started-at="2020-07-09T14:05:58Z" finished-at="2020-07-09T14:06:27Z">
          <params>
            <param index="0">
              <value>
                <![CDATA[public void com.saksoft.qa.apttestscripts.APT_AutomationTest.CreateCustomer(java.util.Map) throws java.lang.Exception]]>
              </value>
            </param>
            <param index="1">
              <value>
                <![CDATA[org.testng.TestRunner@6ec4fca5]]>
              </value>
            </param>
            <param index="2">
              <value>
                <![CDATA[[Ljava.lang.Object;@d4342c2]]>
              </value>
            </param>
          </params>
          <reporter-output>
          </reporter-output>
        </test-method> <!-- BeforeMethod -->
        <test-method status="PASS" signature="CreateCustomer(java.util.Map)[pri:0, instance:com.saksoft.qa.apttestscripts.APT_AutomationTest@14acaea5]" name="CreateCustomer" duration-ms="520182" started-at="2020-07-09T14:06:27Z" description="TC-01" data-provider="Finaldatareader" finished-at="2020-07-09T14:15:07Z">
          <params>
            <param index="0">
              <value>
                <![CDATA[{Existing RFIREQNumber=NGINRFI_23, NewOrderNumber=NewOrderTest01, Email=ngin23@test.com, ExistingOrderNumber=NGINOrder_23, NewRFIREQNumber=WholeSale, CountryToBeSelected=BE (Belgium), Reference=testreference23, ExistingOrderService=No, DedicatedPortal=Vodafone Portal, Name=NGIN_23, TechnicalContactName=ngincontact23, ChooseCustomerToBeSelected=NGIN_23, DedicatedPortalStatus=NO, Phone=9876898363, NewOrderService=Yes, MainDomain=ngindomain23.com, OCN=nginocn23, Fax=238883, TypeToBeSelected=Colt Telecom - internal, Name1=NGIN_, Name2=23}]]>
              </value>
            </param>
          </params>
          <reporter-output>
          </reporter-output>
        </test-method> <!-- CreateCustomer -->
        <test-method status="PASS" signature="getResult(org.testng.ITestResult)[pri:0, instance:com.saksoft.qa.apttestscripts.APT_AutomationTest@14acaea5]" name="getResult" is-config="true" duration-ms="0" started-at="2020-07-09T14:15:07Z" finished-at="2020-07-09T14:15:07Z">
          <params>
            <param index="0">
              <value>
                <![CDATA[[TestResult name=CreateCustomer status=SUCCESS method=APT_AutomationTest.CreateCustomer(java.util.Map)[pri:0, instance:com.saksoft.qa.apttestscripts.APT_AutomationTest@14acaea5] output={null}]]]>
              </value>
            </param>
          </params>
          <reporter-output>
          </reporter-output>
        </test-method> <!-- getResult -->
        <test-method status="PASS" signature="BeforeMethod(java.lang.reflect.Method, org.testng.ITestContext, [Ljava.lang.Object;)[pri:0, instance:com.saksoft.qa.apttestscripts.APT_AutomationTest@14acaea5]" name="BeforeMethod" is-config="true" duration-ms="24622" started-at="2020-07-09T14:15:08Z" finished-at="2020-07-09T14:15:32Z">
          <params>
            <param index="0">
              <value>
                <![CDATA[public void com.saksoft.qa.apttestscripts.APT_AutomationTest.choosecustomer(java.util.Map) throws java.lang.InterruptedException,org.dom4j.DocumentException,java.io.IOException]]>
              </value>
            </param>
            <param index="1">
              <value>
                <![CDATA[org.testng.TestRunner@6ec4fca5]]>
              </value>
            </param>
            <param index="2">
              <value>
                <![CDATA[[Ljava.lang.Object;@163e4e87]]>
              </value>
            </param>
          </params>
          <reporter-output>
          </reporter-output>
        </test-method> <!-- BeforeMethod -->
        <test-method status="PASS" signature="choosecustomer(java.util.Map)[pri:0, instance:com.saksoft.qa.apttestscripts.APT_AutomationTest@14acaea5]" name="choosecustomer" duration-ms="145335" started-at="2020-07-09T14:15:32Z" description="TC-02" data-provider="Finaldatareader" finished-at="2020-07-09T14:17:58Z">
          <params>
            <param index="0">
              <value>
                <![CDATA[{Existing RFIREQNumber=NGINRFI_23, NewOrderNumber=NewOrderTest01, Email=ngin23@test.com, ExistingOrderNumber=NGINOrder_23, NewRFIREQNumber=WholeSale, CountryToBeSelected=BE (Belgium), Reference=testreference23, ExistingOrderService=No, DedicatedPortal=Vodafone Portal, Name=NGIN_23, TechnicalContactName=ngincontact23, ChooseCustomerToBeSelected=NGIN_23, DedicatedPortalStatus=NO, Phone=9876898363, NewOrderService=Yes, MainDomain=ngindomain23.com, OCN=nginocn23, Fax=238883, TypeToBeSelected=Colt Telecom - internal, Name1=NGIN_, Name2=23}]]>
              </value>
            </param>
          </params>
          <reporter-output>
          </reporter-output>
        </test-method> <!-- choosecustomer -->
        <test-method status="PASS" signature="getResult(org.testng.ITestResult)[pri:0, instance:com.saksoft.qa.apttestscripts.APT_AutomationTest@14acaea5]" name="getResult" is-config="true" duration-ms="0" started-at="2020-07-09T14:17:58Z" finished-at="2020-07-09T14:17:58Z">
          <params>
            <param index="0">
              <value>
                <![CDATA[[TestResult name=choosecustomer status=SUCCESS method=APT_AutomationTest.choosecustomer(java.util.Map)[pri:0, instance:com.saksoft.qa.apttestscripts.APT_AutomationTest@14acaea5] output={null}]]]>
              </value>
            </param>
          </params>
          <reporter-output>
          </reporter-output>
        </test-method> <!-- getResult -->
        <test-method status="FAIL" signature="BeforeMethod(java.lang.reflect.Method, org.testng.ITestContext, [Ljava.lang.Object;)[pri:0, instance:com.saksoft.qa.apttestscripts.APT_AutomationTest@14acaea5]" name="BeforeMethod" is-config="true" duration-ms="0" started-at="2020-07-09T14:17:58Z" finished-at="2020-07-09T14:17:58Z">
          <params>
            <param index="0">
              <value>
                <![CDATA[public void com.saksoft.qa.apttestscripts.APT_AutomationTest.verifycreateorder(java.util.Map) throws java.lang.InterruptedException,org.dom4j.DocumentException,java.io.IOException]]>
              </value>
            </param>
            <param index="1">
              <value>
                <![CDATA[org.testng.TestRunner@6ec4fca5]]>
              </value>
            </param>
            <param index="2">
              <value>
                <![CDATA[[Ljava.lang.Object;@5a955565]]>
              </value>
            </param>
          </params>
          <exception class="org.openqa.selenium.WebDriverException">
            <message>
              <![CDATA[chrome not reachable
  (Session info: chrome=83.0.4103.116)
  (Driver info: chromedriver=2.40.565498 (ea082db3280dd6843ebfb08a625e3eb905c4f5ab),platform=Windows NT 10.0.14393 x86_64) (WARNING: The server did not provide any stacktrace information)
Command duration or timeout: 6.51 seconds
Build info: version: '3.4.0', revision: 'unknown', time: 'unknown'
System info: host: 'NAVMCTMTTL108', ip: '10.99.7.43', os.name: 'Windows Server 2016', os.arch: 'amd64', os.version: '10.0', java.version: '1.8.0_221'
Driver info: org.openqa.selenium.chrome.ChromeDriver
Capabilities [{applicationCacheEnabled=false, rotatable=false, mobileEmulationEnabled=false, networkConnectionEnabled=false, chrome={chromedriverVersion=2.40.565498 (ea082db3280dd6843ebfb08a625e3eb905c4f5ab), userDataDir=C:\Users\SKATHI~1\AppData\Local\Temp\7\scoped_dir152916_12865}, takesHeapSnapshot=true, pageLoadStrategy=none, databaseEnabled=false, handlesAlerts=true, hasTouchScreen=false, version=83.0.4103.116, platform=XP, browserConnectionEnabled=false, nativeEvents=true, acceptSslCerts=false, acceptInsecureCerts=false, locationContextEnabled=true, webStorageEnabled=true, browserName=chrome, takesScreenshot=true, javascriptEnabled=true, cssSelectorsEnabled=true, setWindowRect=true, unexpectedAlertBehaviour=}]
Session ID: 561cb23b9d07f6bff2870932fae42026]]>
            </message>
            <full-stacktrace>
              <![CDATA[org.openqa.selenium.WebDriverException: chrome not reachable
  (Session info: chrome=83.0.4103.116)
  (Driver info: chromedriver=2.40.565498 (ea082db3280dd6843ebfb08a625e3eb905c4f5ab),platform=Windows NT 10.0.14393 x86_64) (WARNING: The server did not provide any stacktrace information)
Command duration or timeout: 6.51 seconds
Build info: version: '3.4.0', revision: 'unknown', time: 'unknown'
System info: host: 'NAVMCTMTTL108', ip: '10.99.7.43', os.name: 'Windows Server 2016', os.arch: 'amd64', os.version: '10.0', java.version: '1.8.0_221'
Driver info: org.openqa.selenium.chrome.ChromeDriver
Capabilities [{applicationCacheEnabled=false, rotatable=false, mobileEmulationEnabled=false, networkConnectionEnabled=false, chrome={chromedriverVersion=2.40.565498 (ea082db3280dd6843ebfb08a625e3eb905c4f5ab), userDataDir=C:\Users\SKATHI~1\AppData\Local\Temp\7\scoped_dir152916_12865}, takesHeapSnapshot=true, pageLoadStrategy=none, databaseEnabled=false, handlesAlerts=true, hasTouchScreen=false, version=83.0.4103.116, platform=XP, browserConnectionEnabled=false, nativeEvents=true, acceptSslCerts=false, acceptInsecureCerts=false, locationContextEnabled=true, webStorageEnabled=true, browserName=chrome, takesScreenshot=true, javascriptEnabled=true, cssSelectorsEnabled=true, setWindowRect=true, unexpectedAlertBehaviour=}]
Session ID: 561cb23b9d07f6bff2870932fae42026
	at sun.reflect.NativeConstructorAccessorImpl.newInstance0(Native Method)
	at sun.reflect.NativeConstructorAccessorImpl.newInstance(Unknown Source)
	at sun.reflect.DelegatingConstructorAccessorImpl.newInstance(Unknown Source)
	at java.lang.reflect.Constructor.newInstance(Unknown Source)
	at org.openqa.selenium.remote.ErrorHandler.createThrowable(ErrorHandler.java:215)
	at org.openqa.selenium.remote.ErrorHandler.throwIfResponseFailed(ErrorHandler.java:167)
	at org.openqa.selenium.remote.RemoteWebDriver.execute(RemoteWebDriver.java:671)
	at org.openqa.selenium.remote.RemoteWebDriver.get(RemoteWebDriver.java:364)
	at com.saksoft.qa.driverlibrary.DriverHelper.openurl(DriverHelper.java:402)
	at com.saksoft.qa.scripthelpers.APT_LoginHelper.Login(APT_LoginHelper.java:76)
	at com.saksoft.qa.driverlibrary.DriverTestcase.setup(DriverTestcase.java:227)
	at com.saksoft.qa.driverlibrary.DriverTestcase.BeforeMethod(DriverTestcase.java:110)
	at sun.reflect.NativeMethodAccessorImpl.invoke0(Native Method)
	at sun.reflect.NativeMethodAccessorImpl.invoke(Unknown Source)
	at sun.reflect.DelegatingMethodAccessorImpl.invoke(Unknown Source)
	at java.lang.reflect.Method.invoke(Unknown Source)
	at org.testng.internal.MethodInvocationHelper.invokeMethod(MethodInvocationHelper.java:84)
	at org.testng.internal.Invoker.invokeConfigurationMethod(Invoker.java:564)
	at org.testng.internal.Invoker.invokeConfigurations(Invoker.java:213)
	at org.testng.internal.Invoker.invokeMethod(Invoker.java:653)
	at org.testng.internal.Invoker.invokeTestMethod(Invoker.java:901)
	at org.testng.internal.TestMethodWithDataProviderMethodWorker.call(TestMethodWithDataProviderMethodWorker.java:73)
	at org.testng.internal.TestMethodWithDataProviderMethodWorker.call(TestMethodWithDataProviderMethodWorker.java:14)
	at java.util.concurrent.FutureTask.run(Unknown Source)
	at java.util.concurrent.Executors$RunnableAdapter.call(Unknown Source)
	at java.util.concurrent.FutureTask.run(Unknown Source)
	at java.util.concurrent.ThreadPoolExecutor.runWorker(Unknown Source)
	at java.util.concurrent.ThreadPoolExecutor$Worker.run(Unknown Source)
	at java.lang.Thread.run(Unknown Source)
]]>
            </full-stacktrace>
          </exception> <!-- org.openqa.selenium.WebDriverException -->
          <reporter-output>
          </reporter-output>
        </test-method> <!-- BeforeMethod -->
        <test-method status="SKIP" signature="verifycreateorder(java.util.Map)[pri:0, instance:com.saksoft.qa.apttestscripts.APT_AutomationTest@14acaea5]" name="verifycreateorder" duration-ms="0" started-at="2020-07-09T14:18:21Z" description="TC-03" data-provider="Finaldatareader" finished-at="2020-07-09T14:18:21Z">
          <params>
            <param index="0">
              <value>
                <![CDATA[{Existing RFIREQNumber=NGINRFI_23, NewOrderNumber=NewOrderTest01, Email=ngin23@test.com, ExistingOrderNumber=NGINOrder_23, NewRFIREQNumber=WholeSale, CountryToBeSelected=BE (Belgium), Reference=testreference23, ExistingOrderService=No, DedicatedPortal=Vodafone Portal, Name=NGIN_23, TechnicalContactName=ngincontact23, ChooseCustomerToBeSelected=NGIN_23, DedicatedPortalStatus=NO, Phone=9876898363, NewOrderService=Yes, MainDomain=ngindomain23.com, OCN=nginocn23, Fax=238883, TypeToBeSelected=Colt Telecom - internal, Name1=NGIN_, Name2=23}]]>
              </value>
            </param>
          </params>
          <reporter-output>
          </reporter-output>
        </test-method> <!-- verifycreateorder -->
        <test-method status="SKIP" signature="getResult(org.testng.ITestResult)[pri:0, instance:com.saksoft.qa.apttestscripts.APT_AutomationTest@14acaea5]" name="getResult" is-config="true" duration-ms="0" started-at="2020-07-09T14:18:21Z" finished-at="2020-07-09T14:18:21Z">
          <reporter-output>
          </reporter-output>
        </test-method> <!-- getResult -->
        <test-method status="SKIP" signature="Teardown()[pri:0, instance:com.saksoft.qa.apttestscripts.APT_AutomationTest@14acaea5]" name="Teardown" is-config="true" duration-ms="0" started-at="2020-07-09T14:18:21Z" finished-at="2020-07-09T14:18:21Z">
          <reporter-output>
          </reporter-output>
        </test-method> <!-- Teardown -->
        <test-method status="SKIP" signature="endReport()[pri:0, instance:com.saksoft.qa.apttestscripts.APT_AutomationTest@14acaea5]" name="endReport" is-config="true" duration-ms="0" started-at="2020-07-09T14:18:24Z" finished-at="2020-07-09T14:18:24Z">
          <reporter-output>
          </reporter-output>
        </test-method> <!-- endReport -->
      </class> <!-- com.saksoft.qa.apttestscripts.APT_AutomationTest -->
    </test> <!-- APT_Test -->
  </suite> <!-- APT_MCS Test Suite -->
</testng-results>
