<?xml version="1.0" encoding="UTF-8"?>
<testng-results skipped="0" failed="1" total="1" passed="0">
  <reporter-output>
  </reporter-output>
  <suite name="Default suite" duration-ms="1420086" started-at="2020-09-22T09:19:22Z" finished-at="2020-09-22T09:43:02Z">
    <groups>
    </groups>
    <test name="Default test" duration-ms="1420086" started-at="2020-09-22T09:19:22Z" finished-at="2020-09-22T09:43:02Z">
      <class name="com.colt.qa.apttestscripts.APT_MCS_CreateAccessCoreDevice_AccessSwitch">
        <test-method status="PASS" signature="BeforeSuite()[pri:0, instance:com.colt.qa.apttestscripts.APT_MCS_CreateAccessCoreDevice_AccessSwitch@62ee68d8]" name="BeforeSuite" is-config="true" duration-ms="214" started-at="2020-09-22T14:49:21Z" finished-at="2020-09-22T14:49:22Z">
          <reporter-output>
          </reporter-output>
        </test-method> <!-- BeforeSuite -->
        <test-method status="PASS" signature="startReport()[pri:0, instance:com.colt.qa.apttestscripts.APT_MCS_CreateAccessCoreDevice_AccessSwitch@62ee68d8]" name="startReport" is-config="true" duration-ms="110" started-at="2020-09-22T14:49:22Z" finished-at="2020-09-22T14:49:22Z">
          <reporter-output>
          </reporter-output>
        </test-method> <!-- startReport -->
        <test-method status="PASS" signature="BeforeMethod(java.lang.reflect.Method, org.testng.ITestContext, [Ljava.lang.Object;)[pri:0, instance:com.colt.qa.apttestscripts.APT_MCS_CreateAccessCoreDevice_AccessSwitch@62ee68d8]" name="BeforeMethod" is-config="true" duration-ms="0" started-at="2020-09-22T14:49:24Z" finished-at="2020-09-22T14:49:24Z">
          <params>
            <param index="0">
              <value>
                <![CDATA[public void com.colt.qa.apttestscripts.APT_MCS_CreateAccessCoreDevice_AccessSwitch.createAccessCoreDevice_AccessSwitch(java.util.Map) throws java.lang.Exception]]>
              </value>
            </param>
            <param index="1">
              <value>
                <![CDATA[org.testng.TestRunner@479f738a]]>
              </value>
            </param>
            <param index="2">
              <value>
                <![CDATA[[Ljava.lang.Object;@772db1d8]]>
              </value>
            </param>
          </params>
          <reporter-output>
          </reporter-output>
        </test-method> <!-- BeforeMethod -->
        <test-method status="FAIL" signature="createAccessCoreDevice_AccessSwitch(java.util.Map)[pri:0, instance:com.colt.qa.apttestscripts.APT_MCS_CreateAccessCoreDevice_AccessSwitch@62ee68d8]" name="createAccessCoreDevice_AccessSwitch" duration-ms="1415585" started-at="2020-09-22T14:49:24Z" description="TC-01" data-provider="DataReader_AccessSwitch_Device" finished-at="2020-09-22T15:13:00Z">
          <params>
            <param index="0">
              <value>
                <![CDATA[{Snmpv3UsernameNewValue=Null, editSnmprwNewValue=TestSnmprwNew, editExistingPremise=Null, editSnmpv3AuthpasswordNewValue=TestV3AuthPwd, NewCityCode=A709, ExistingCityValue=Injune, editNewPremise=Null, InServiceStatus=In Service, Name=AcesSwitch_14, editSnmProNewValue=TestSnmproNew, editExistingSite=Null, NewSiteName=Jayanagar, SnmprwNewValue=null, NewCityName=Bengaluru, editIOSXR=Null, editNewSite=Null, NewCity=No, Existing SiteValue=43fgfdgsdfgf, editTelnet=Null, DeviceType=Access Switch, editExistingSiteValue=Null, editdeviceName=null, editNewSiteName=Null, NewPremise=Yes, Country=AU (Australia), editSnmpv3PrivpasswordNewValue=TestV3PrivPwd, NewPremiseCode=B4, editVendorModel=null, editModularMSP=Null, vrf_Ipv6=10.83.99.1, Snmpv3AuthpasswordNewValue=Null, editExistingCity=Null, ExistingPremise=NO, vrf_Ipv4=10.83.99.1, editNewPremiseName=Null, Snmp2C=Yes, command_ipv4=ping, editNewCityCode=Null, command_ipv6=ping vrf :1 ipv6, editExistingCityValue=Null, Snmp3=No, SnmProNewValue=null, editSnmp3=Yes, editExistingPremiseValue=Null, editNewSiteCode=Null, NewSite=No, NewPremiseName=Pre5, VendorModel=Cisco 2960, Snmpv3PrivpasswordNewValue=Null, Telnet=Yes, editFullIQNET=Null, ExistingCity=Yes, InMaintenanceStatus=In Maintenance, Existing PremiseValue=PremiseTest1, editNewPremiseCode=Null, ExistingSite=Yes, Full IQNET=Yes, editManagementAddress=Null, RouterID=245, SSH=No, editSSH=Null, editNewCityName=Null, Run=Yes, url=APT_NonVoiceService, editSnmpv3UsernameNewValue=TestV3Username, editNewCity=Null, editRouterID=TestRouterID_edited, Management Address=16.92.11.29, Modular MSP=No, editCountry=Null, NewSiteCode=Jay35, editSnmp2C=no}]]>
              </value>
            </param>
          </params>
          <exception class="org.openqa.selenium.TimeoutException">
            <message>
              <![CDATA[Expected condition failed: waiting for com.colt.qa.driverlibrary.DriverHelper$3@5ba7391b (tried for 60 second(s) with 15 SECONDS interval)]]>
            </message>
            <full-stacktrace>
              <![CDATA[org.openqa.selenium.TimeoutException: Expected condition failed: waiting for com.colt.qa.driverlibrary.DriverHelper$3@5ba7391b (tried for 60 second(s) with 15 SECONDS interval)
	at org.openqa.selenium.support.ui.FluentWait.timeoutException(FluentWait.java:264)
	at org.openqa.selenium.support.ui.FluentWait.until(FluentWait.java:232)
	at com.colt.qa.driverlibrary.DriverHelper.getwebelement(DriverHelper.java:327)
	at com.colt.qa.scripthelpers.APT_MCS_CreateAccessSwitchCoreDeviceHelper.verifydeviceEdit_AccessRouter(APT_MCS_CreateAccessSwitchCoreDeviceHelper.java:867)
	at com.colt.qa.apttestscripts.APT_MCS_CreateAccessCoreDevice_AccessSwitch.createAccessCoreDevice_AccessSwitch(APT_MCS_CreateAccessCoreDevice_AccessSwitch.java:59)
	at sun.reflect.NativeMethodAccessorImpl.invoke0(Native Method)
	at sun.reflect.NativeMethodAccessorImpl.invoke(Unknown Source)
	at sun.reflect.DelegatingMethodAccessorImpl.invoke(Unknown Source)
	at java.lang.reflect.Method.invoke(Unknown Source)
	at org.testng.internal.MethodInvocationHelper.invokeMethod(MethodInvocationHelper.java:84)
	at org.testng.internal.Invoker.invokeMethod(Invoker.java:714)
	at org.testng.internal.Invoker.invokeTestMethod(Invoker.java:901)
	at org.testng.internal.Invoker.invokeTestMethods(Invoker.java:1231)
	at org.testng.internal.TestMethodWorker.invokeTestMethods(TestMethodWorker.java:127)
	at org.testng.internal.TestMethodWorker.run(TestMethodWorker.java:111)
	at org.testng.TestRunner.privateRun(TestRunner.java:767)
	at org.testng.TestRunner.run(TestRunner.java:617)
	at org.testng.SuiteRunner.runTest(SuiteRunner.java:334)
	at org.testng.SuiteRunner.runSequentially(SuiteRunner.java:329)
	at org.testng.SuiteRunner.privateRun(SuiteRunner.java:291)
	at org.testng.SuiteRunner.run(SuiteRunner.java:240)
	at org.testng.SuiteRunnerWorker.runSuite(SuiteRunnerWorker.java:52)
	at org.testng.SuiteRunnerWorker.run(SuiteRunnerWorker.java:86)
	at org.testng.TestNG.runSuitesSequentially(TestNG.java:1224)
	at org.testng.TestNG.runSuitesLocally(TestNG.java:1149)
	at org.testng.TestNG.run(TestNG.java:1057)
	at org.testng.remote.AbstractRemoteTestNG.run(AbstractRemoteTestNG.java:115)
	at org.testng.remote.RemoteTestNG.initAndRun(RemoteTestNG.java:251)
	at org.testng.remote.RemoteTestNG.main(RemoteTestNG.java:77)
Caused by: org.openqa.selenium.NoSuchElementException: no such element: Unable to locate element: {"method":"xpath","selector":"//div[text()='Device']/following-sibling::div//button[text()='Action']"}
  (Session info: chrome=85.0.4183.102)
  (Driver info: chromedriver=2.40.565498 (ea082db3280dd6843ebfb08a625e3eb905c4f5ab),platform=Windows NT 10.0.14393 x86_64) (WARNING: The server did not provide any stacktrace information)
Command duration or timeout: 2.18 seconds
For documentation on this error, please visit: http://seleniumhq.org/exceptions/no_such_element.html
Build info: version: '3.4.0', revision: 'unknown', time: 'unknown'
System info: host: 'NAVMCTMTTL108', ip: '10.99.7.43', os.name: 'Windows Server 2016', os.arch: 'amd64', os.version: '10.0', java.version: '1.8.0_221'
Driver info: org.openqa.selenium.chrome.ChromeDriver
Capabilities [{applicationCacheEnabled=false, rotatable=false, mobileEmulationEnabled=false, networkConnectionEnabled=false, chrome={chromedriverVersion=2.40.565498 (ea082db3280dd6843ebfb08a625e3eb905c4f5ab), userDataDir=C:\Users\SKATHI~1\AppData\Local\Temp\12\scoped_dir12008_21775}, takesHeapSnapshot=true, pageLoadStrategy=none, databaseEnabled=false, handlesAlerts=true, hasTouchScreen=false, version=85.0.4183.102, platform=XP, browserConnectionEnabled=false, nativeEvents=true, acceptSslCerts=false, acceptInsecureCerts=false, locationContextEnabled=true, webStorageEnabled=true, browserName=chrome, takesScreenshot=true, javascriptEnabled=true, cssSelectorsEnabled=true, setWindowRect=true, unexpectedAlertBehaviour=}]
Session ID: ad35e33fe4a5d2d22ceec1f1a268b56e
*** Element info: {Using=xpath, value=//div[text()='Device']/following-sibling::div//button[text()='Action']}
	at sun.reflect.GeneratedConstructorAccessor25.newInstance(Unknown Source)
	at sun.reflect.DelegatingConstructorAccessorImpl.newInstance(Unknown Source)
	at java.lang.reflect.Constructor.newInstance(Unknown Source)
	at org.openqa.selenium.remote.ErrorHandler.createThrowable(ErrorHandler.java:215)
	at org.openqa.selenium.remote.ErrorHandler.throwIfResponseFailed(ErrorHandler.java:167)
	at org.openqa.selenium.remote.RemoteWebDriver.execute(RemoteWebDriver.java:671)
	at org.openqa.selenium.remote.RemoteWebDriver.findElement(RemoteWebDriver.java:410)
	at org.openqa.selenium.remote.RemoteWebDriver.findElementByXPath(RemoteWebDriver.java:509)
	at org.openqa.selenium.By$ByXPath.findElement(By.java:361)
	at org.openqa.selenium.remote.RemoteWebDriver.findElement(RemoteWebDriver.java:402)
	at com.colt.qa.driverlibrary.DriverHelper$3.apply(DriverHelper.java:329)
	at com.colt.qa.driverlibrary.DriverHelper$3.apply(DriverHelper.java:1)
	at org.openqa.selenium.support.ui.FluentWait.until(FluentWait.java:209)
	... 27 more
]]>
            </full-stacktrace>
          </exception> <!-- org.openqa.selenium.TimeoutException -->
          <reporter-output>
          </reporter-output>
        </test-method> <!-- createAccessCoreDevice_AccessSwitch -->
        <test-method status="PASS" signature="getResult(org.testng.ITestResult)[pri:0, instance:com.colt.qa.apttestscripts.APT_MCS_CreateAccessCoreDevice_AccessSwitch@62ee68d8]" name="getResult" is-config="true" duration-ms="710" started-at="2020-09-22T15:13:00Z" finished-at="2020-09-22T15:13:01Z">
          <params>
            <param index="0">
              <value>
                <![CDATA[[TestResult name=createAccessCoreDevice_AccessSwitch status=FAILURE method=APT_MCS_CreateAccessCoreDevice_AccessSwitch.createAccessCoreDevice_AccessSwitch(java.util.Map)[pri:0, instance:com.colt.qa.apttestscripts.APT_MCS_CreateAccessCoreDevice_AccessSwitch@62ee68d8] output={null}]]]>
              </value>
            </param>
          </params>
          <reporter-output>
          </reporter-output>
        </test-method> <!-- getResult -->
        <test-method status="PASS" signature="Teardown()[pri:0, instance:com.colt.qa.apttestscripts.APT_MCS_CreateAccessCoreDevice_AccessSwitch@62ee68d8]" name="Teardown" is-config="true" duration-ms="2" started-at="2020-09-22T15:13:01Z" finished-at="2020-09-22T15:13:01Z">
          <reporter-output>
          </reporter-output>
        </test-method> <!-- Teardown -->
        <test-method status="PASS" signature="endReport()[pri:0, instance:com.colt.qa.apttestscripts.APT_MCS_CreateAccessCoreDevice_AccessSwitch@62ee68d8]" name="endReport" is-config="true" duration-ms="1170" started-at="2020-09-22T15:13:01Z" finished-at="2020-09-22T15:13:02Z">
          <reporter-output>
          </reporter-output>
        </test-method> <!-- endReport -->
      </class> <!-- com.colt.qa.apttestscripts.APT_MCS_CreateAccessCoreDevice_AccessSwitch -->
    </test> <!-- Default test -->
  </suite> <!-- Default suite -->
</testng-results>
